<?xml version="1.0" encoding="UTF-8"?>
<!-- Generated by org.testng.reporters.JUnitReportReporter -->
<testsuite hostname="LTIN608207" failures="0" tests="6" name="com.ebay.runner.TestNg" time="35.046" errors="0" timestamp="2025-06-19T10:31:21 IST" skipped="0">
  <testcase classname="com.ebay.runner.TestNg" name="testHomepage" time="1.618"/>
  <testcase classname="com.ebay.runner.TestNg" name="testHomepage" time="1.736"/>
  <testcase classname="com.ebay.runner.TestNg" name="testfilterPage" time="5.138"/>
  <testcase classname="com.ebay.runner.TestNg" name="testfilterPage" time="4.503"/>
  <testcase classname="com.ebay.runner.TestNg" name="testfinalPage" time="9.962"/>
  <testcase classname="com.ebay.runner.TestNg" name="testfinalPage" time="12.089"/>
</testsuite> <!-- com.ebay.runner.TestNg -->
