<?xml version="1.0" encoding="UTF-8"?>
<!-- Generated by org.testng.reporters.JUnitReportReporter -->
<testsuite hostname="LTIN608207" failures="0" tests="6" name="com.ebay.runner.mainNG" time="42.599" errors="0" timestamp="2025-06-20T17:39:40 IST" skipped="0">
  <testcase classname="com.ebay.runner.mainNG" name="testHomepage" time="1.306"/>
  <testcase classname="com.ebay.runner.mainNG" name="testHomepage" time="1.400"/>
  <testcase classname="com.ebay.runner.mainNG" name="testfilterPage" time="8.159"/>
  <testcase classname="com.ebay.runner.mainNG" name="testfilterPage" time="7.608"/>
  <testcase classname="com.ebay.runner.mainNG" name="testfinalPage" time="10.515"/>
  <testcase classname="com.ebay.runner.mainNG" name="testfinalPage" time="13.611"/>
</testsuite> <!-- com.ebay.runner.mainNG -->
